Using pre-set license
Built from '2020.3/staging' branch; Version is '2020.3.11f1 (99c7afb366b3) revision 10078127'; Using compiler version '192528614'; Build Type 'Release'
OS: 'Windows 10 Home; OS build 19043.1110; Version 2009; 64bit' Language: 'en' Physical Memory: 16234 MB
BatchMode: 1, IsHumanControllingUs: 0, StartBugReporterOnCrash: 0, Is64bit: 1, IsPro: 0

 COMMAND LINE ARGUMENTS:
C:\Program Files\Unity\Hub\Editor\2020.3.11f1\Editor\Unity.exe
-adb2
-batchMode
-noUpm
-name
AssetImportWorker0
-projectPath
C:/Users/anipa/Documents/Unity Projects/SolarSystem
-logFile
Logs/AssetImportWorker0.log
-srvPort
17296
Successfully changed project path to: C:/Users/anipa/Documents/Unity Projects/SolarSystem
C:/Users/anipa/Documents/Unity Projects/SolarSystem
Using Asset Import Pipeline V2.
Refreshing native plugins compatible for Editor in 25.66 ms, found 2 plugins.
Preloading 0 native plugins for Editor in 0.00 ms.
Initialize engine version: 2020.3.11f1 (99c7afb366b3)
[Subsystems] Discovering subsystems at path C:/Program Files/Unity/Hub/Editor/2020.3.11f1/Editor/Data/Resources/UnitySubsystems
[Subsystems] Discovering subsystems at path C:/Users/anipa/Documents/Unity Projects/SolarSystem/Assets
GfxDevice: creating device client; threaded=0
Direct3D:
    Version:  Direct3D 11.0 [level 11.1]
    Renderer: NVIDIA GeForce GTX 1650 (ID=0x1f91)
    Vendor:   
    VRAM:     3962 MB
    Driver:   27.21.14.6089
Initialize mono
Mono path[0] = 'C:/Program Files/Unity/Hub/Editor/2020.3.11f1/Editor/Data/Managed'
Mono path[1] = 'C:/Program Files/Unity/Hub/Editor/2020.3.11f1/Editor/Data/MonoBleedingEdge/lib/mono/unityjit'
Mono config path = 'C:/Program Files/Unity/Hub/Editor/2020.3.11f1/Editor/Data/MonoBleedingEdge/etc'
Using monoOptions --debugger-agent=transport=dt_socket,embedding=1,server=y,suspend=n,address=127.0.0.1:56816
Begin MonoManager ReloadAssembly
Registering precompiled unity dll's ...
Register platform support module: C:/Program Files/Unity/Hub/Editor/2020.3.11f1/Editor/Data/PlaybackEngines/WebGLSupport/UnityEditor.WebGL.Extensions.dll
Register platform support module: C:/Program Files/Unity/Hub/Editor/2020.3.11f1/Editor/Data/PlaybackEngines/MacStandaloneSupport/UnityEditor.OSXStandalone.Extensions.dll
Register platform support module: C:/Program Files/Unity/Hub/Editor/2020.3.11f1/Editor/Data/PlaybackEngines/WindowsStandaloneSupport/UnityEditor.WindowsStandalone.Extensions.dll
Registered in 0.002963 seconds.
Native extension for WindowsStandalone target not found
Native extension for OSXStandalone target not found
Native extension for WebGL target not found
Refreshing native plugins compatible for Editor in 44.85 ms, found 2 plugins.
Preloading 0 native plugins for Editor in 0.00 ms.
Mono: successfully reloaded assembly
- Completed reload, in  1.090 seconds
Platform modules already initialized, skipping
Registering precompiled user dll's ...
Registered in 0.004017 seconds.
Begin MonoManager ReloadAssembly
Native extension for WindowsStandalone target not found
Native extension for OSXStandalone target not found
Native extension for WebGL target not found
Refreshing native plugins compatible for Editor in 0.27 ms, found 2 plugins.
Preloading 0 native plugins for Editor in 0.00 ms.
Mono: successfully reloaded assembly
- Completed reload, in  0.894 seconds
Platform modules already initialized, skipping
========================================================================
Worker process is ready to serve import requests
Launched and connected shader compiler UnityShaderCompiler.exe after 0.04 seconds
Refreshing native plugins compatible for Editor in 0.26 ms, found 2 plugins.
Preloading 0 native plugins for Editor in 0.00 ms.
Unloading 1390 Unused Serialized files (Serialized files now loaded: 0)
System memory in use before: 65.6 MB.
System memory in use after: 65.6 MB.

Unloading 19 unused Assets to reduce memory usage. Loaded Objects now: 1828.
Total: 1.885900 ms (FindLiveObjects: 0.133200 ms CreateObjectMapping: 0.037200 ms MarkObjects: 1.645800 ms  DeleteObjects: 0.068900 ms)

========================================================================
Received Import Request.
  path: Assets/Sounds/planet.ogg
  artifactKey: Guid(a08dcf78ad3447c48b0e500a55e17aaf) Importer(815301076,1909f56bfc062723c751e8b465ee728b)
Start importing Assets/Sounds/planet.ogg using Guid(a08dcf78ad3447c48b0e500a55e17aaf) Importer(815301076,1909f56bfc062723c751e8b465ee728b)  -> (artifact id: '5d39fbc423805d5d3c323ed2be8a3300') in 0.027050 seconds
  Import took 0.028991 seconds .

========================================================================
Received Import Request.
  Time since last request: 19.313604 seconds.
  path: Assets/Sounds/sun.ogg
  artifactKey: Guid(ce231d5300c0b224689b087605c50132) Importer(815301076,1909f56bfc062723c751e8b465ee728b)
Start importing Assets/Sounds/sun.ogg using Guid(ce231d5300c0b224689b087605c50132) Importer(815301076,1909f56bfc062723c751e8b465ee728b)  -> (artifact id: 'acca84a6500f17064ae9e40c9e5180d9') in 0.002089 seconds
  Import took 0.004129 seconds .

========================================================================
Received Import Request.
  Time since last request: 0.000957 seconds.
  path: Assets/Sounds/sun.ogg
  artifactKey: Guid(ce231d5300c0b224689b087605c50132) Importer(815301076,1909f56bfc062723c751e8b465ee728b)
Start importing Assets/Sounds/sun.ogg using Guid(ce231d5300c0b224689b087605c50132) Importer(815301076,1909f56bfc062723c751e8b465ee728b)  -> (artifact id: 'acca84a6500f17064ae9e40c9e5180d9') in 0.002334 seconds
  Import took 0.004046 seconds .

========================================================================
Received Import Request.
  Time since last request: 383.684901 seconds.
  path: Assets/Sounds/comet.ogg
  artifactKey: Guid(46658d6feed7ca244bd85476fc4cd264) Importer(815301076,1909f56bfc062723c751e8b465ee728b)
Start importing Assets/Sounds/comet.ogg using Guid(46658d6feed7ca244bd85476fc4cd264) Importer(815301076,1909f56bfc062723c751e8b465ee728b)  -> (artifact id: 'd86810c02baeac9ff622b9c398d3707f') in 0.001965 seconds
  Import took 0.004057 seconds .

========================================================================
Received Import Request.
  Time since last request: 0.003284 seconds.
  path: Assets/Sounds/comet.ogg
  artifactKey: Guid(46658d6feed7ca244bd85476fc4cd264) Importer(815301076,1909f56bfc062723c751e8b465ee728b)
Start importing Assets/Sounds/comet.ogg using Guid(46658d6feed7ca244bd85476fc4cd264) Importer(815301076,1909f56bfc062723c751e8b465ee728b)  -> (artifact id: 'd86810c02baeac9ff622b9c398d3707f') in 0.002045 seconds
  Import took 0.004066 seconds .

========================================================================
Received Import Request.
  Time since last request: 14.675329 seconds.
  path: Assets/Sounds/comet.ogg
  artifactKey: Guid(46658d6feed7ca244bd85476fc4cd264) Importer(815301076,1909f56bfc062723c751e8b465ee728b)
Start importing Assets/Sounds/comet.ogg using Guid(46658d6feed7ca244bd85476fc4cd264) Importer(815301076,1909f56bfc062723c751e8b465ee728b)  -> (artifact id: 'b692f5a32d88e2b6528cdb9a5f4e4a2b') in 0.002016 seconds
  Import took 0.004085 seconds .

========================================================================
Received Import Request.
  Time since last request: 0.003830 seconds.
  path: Assets/Sounds/comet.ogg
  artifactKey: Guid(46658d6feed7ca244bd85476fc4cd264) Importer(815301076,1909f56bfc062723c751e8b465ee728b)
Start importing Assets/Sounds/comet.ogg using Guid(46658d6feed7ca244bd85476fc4cd264) Importer(815301076,1909f56bfc062723c751e8b465ee728b)  -> (artifact id: 'b692f5a32d88e2b6528cdb9a5f4e4a2b') in 0.002421 seconds
  Import took 0.004639 seconds .

========================================================================
Received Import Request.
  Time since last request: 41.105575 seconds.
  path: Assets/_Scenes/Solar System.unity
  artifactKey: Guid(8615af637ee585944b919ecbdda4415f) Importer(815301076,1909f56bfc062723c751e8b465ee728b)
Start importing Assets/_Scenes/Solar System.unity using Guid(8615af637ee585944b919ecbdda4415f) Importer(815301076,1909f56bfc062723c751e8b465ee728b)  -> (artifact id: 'f031a19c554c7c429c7e1a690a319292') in 0.002260 seconds
  Import took 0.004332 seconds .

========================================================================
Received Import Request.
  Time since last request: 2.927879 seconds.
  path: Assets/Sounds
  artifactKey: Guid(e24a71e1366b4464995f6041be263bc7) Importer(815301076,1909f56bfc062723c751e8b465ee728b)
Start importing Assets/Sounds using Guid(e24a71e1366b4464995f6041be263bc7) Importer(815301076,1909f56bfc062723c751e8b465ee728b)  -> (artifact id: 'dd49c8a971b8c3fd7f2ce90ba5e8e9cd') in 0.002310 seconds
  Import took 0.004199 seconds .

AssetImportWorkerClient::OnTransportError - code=2 error=End of file
